Start testing: Oct 28 13:44 India Standard Time
----------------------------------------------------------
1/1 Testing: order_tests
1/1 Test: order_tests
Command: "D:/Matching-Engine/build/tests.exe"
Directory: D:/Matching-Engine/build
"order_tests" start time: Oct 28 13:44 India Standard Time
Output:
----------------------------------------------------------
<end of output>
Test time =   0.01 sec
----------------------------------------------------------
Test Passed.
"order_tests" end time: Oct 28 13:44 India Standard Time
"order_tests" time elapsed: 00:00:00
----------------------------------------------------------

End testing: Oct 28 13:44 India Standard Time
